<?xml version="1.0" encoding="UTF-8"?>
<!-- Generated by org.testng.reporters.JUnitReportReporter -->
<testsuite hostname="LAPTOP-5D2VBBGP" failures="0" tests="1" name="httpRequests.cookiesDemo" time="3.006" errors="0" timestamp="2024-08-05T11:39:41 IST" skipped="0">
  <testcase classname="httpRequests.cookiesDemo" name="getCookiesInfo" time="3.006"/>
</testsuite> <!-- httpRequests.cookiesDemo -->
