<?xml version="1.0" encoding="UTF-8"?>
<!-- Generated by org.testng.reporters.JUnitReportReporter -->
<testsuite hostname="LAPTOP-5D2VBBGP" failures="0" tests="1" name="httpRequests.headersDemo" time="3.569" errors="0" timestamp="2024-08-05T11:55:19 IST" skipped="0">
  <testcase classname="httpRequests.headersDemo" name="getHeaders" time="3.569"/>
</testsuite> <!-- httpRequests.headersDemo -->
