<?xml version="1.0" encoding="UTF-8"?>
<!-- Generated by org.testng.reporters.JUnitReportReporter -->
<testsuite hostname="LAPTOP-5D2VBBGP" failures="0" tests="2" name="httpRequests.requests" time="3.976" errors="0" timestamp="2024-08-02T18:37:07 IST" skipped="0">
  <testcase classname="httpRequests.requests" name="getData" time="0.557"/>
  <testcase classname="httpRequests.requests" name="createUser" time="3.419"/>
</testsuite> <!-- httpRequests.requests -->
