<?xml version="1.0" encoding="UTF-8"?>
<!-- Generated by org.testng.reporters.JUnitReportReporter -->
<testsuite hostname="LAPTOP-5D2VBBGP" failures="0" tests="1" name="httpRequests.PojoBody" time="2.480" errors="0" timestamp="2024-08-08T18:59:42 IST" skipped="0">
  <testcase classname="httpRequests.PojoBody" name="pojoResponse" time="2.480"/>
</testsuite> <!-- httpRequests.PojoBody -->
