<?xml version="1.0" encoding="UTF-8"?>
<!-- Generated by org.testng.reporters.JUnitReportReporter -->
<testsuite hostname="LAPTOP-5D2VBBGP" failures="0" tests="1" name="httpRequests.responseParse" time="1.384" errors="0" timestamp="2024-08-12T13:48:08 IST" skipped="0">
  <testcase classname="httpRequests.responseParse" name="getResponse" time="1.384"/>
</testsuite> <!-- httpRequests.responseParse -->
