<?xml version="1.0" encoding="UTF-8"?>
<!-- Generated by org.testng.reporters.JUnitReportReporter -->
<testsuite hostname="LAPTOP-5D2VBBGP" failures="0" tests="1" name="httpRequests.DifferentWaysPostResponse" time="1.405" errors="0" timestamp="2024-08-22T18:32:16 IST" skipped="0">
  <testcase classname="httpRequests.DifferentWaysPostResponse" name="testPostbyExternalJsonFile" time="1.405"/>
</testsuite> <!-- httpRequests.DifferentWaysPostResponse -->
