<?xml version="1.0" encoding="UTF-8"?>
<!-- Generated by org.testng.reporters.JUnitReportReporter -->
<testsuite hostname="LAPTOP-5D2VBBGP" failures="0" tests="4" name="httpRequests.diffrentRequests" time="7.334" errors="0" timestamp="2024-08-05T11:12:23 IST" skipped="0">
  <testcase classname="httpRequests.diffrentRequests" name="getUsers" time="3.568"/>
  <testcase classname="httpRequests.diffrentRequests" name="createUser" time="1.384"/>
  <testcase classname="httpRequests.diffrentRequests" name="updateUser" time="1.441"/>
  <testcase classname="httpRequests.diffrentRequests" name="deleteUser" time="0.941"/>
</testsuite> <!-- httpRequests.diffrentRequests -->
