<?xml version="1.0" encoding="UTF-8"?>
<!-- Generated by org.testng.reporters.JUnitReportReporter -->
<testsuite hostname="LAPTOP-5D2VBBGP" failures="0" tests="1" name="httpRequests.SerilizationDeserilization" time="0.230" errors="0" timestamp="2024-08-08T19:10:47 IST" skipped="0">
  <testcase classname="httpRequests.SerilizationDeserilization" name="convertJson2Pojo" time="0.230"/>
</testsuite> <!-- httpRequests.SerilizationDeserilization -->
