<?xml version="1.0" encoding="UTF-8"?>
<!-- Generated by org.testng.reporters.JUnitReportReporter -->
<testsuite hostname="LAPTOP-5D2VBBGP" failures="0" tests="1" name="httpRequests.pathAndQueryDemo" time="2.726" errors="0" timestamp="2024-08-05T11:15:29 IST" skipped="0">
  <testcase classname="httpRequests.pathAndQueryDemo" name="demo" time="2.726"/>
</testsuite> <!-- httpRequests.pathAndQueryDemo -->
